2020-03-01 23:37:22.163  INFO 13057 --- [main] c.e.msgateway.MsGatewayApplication       : No active profile set, falling back to default profiles: default
2020-03-01 23:37:23.468  INFO 13057 --- [main] o.apache.catalina.core.StandardService   : Starting service [Tomcat]
2020-03-01 23:37:23.468  INFO 13057 --- [main] org.apache.catalina.core.StandardEngine  : Starting Servlet engine: [Apache Tomcat/9.0.30]
2020-03-01 23:37:23.533  INFO 13057 --- [main] o.a.c.c.C.[Tomcat].[localhost].[/]       : Initializing Spring embedded WebApplicationContext
2020-03-01 23:37:23.600  WARN 13057 --- [main] c.n.c.sources.URLConfigurationSource     : No URLs will be polled as dynamic configuration sources.
2020-03-01 23:37:23.600  INFO 13057 --- [main] c.n.c.sources.URLConfigurationSource     : To enable URLs as dynamic configuration sources, define System property archaius.configurationSource.additionalUrls or make config.properties available on classpath.
2020-03-01 23:37:23.606  INFO 13057 --- [main] c.netflix.config.DynamicPropertyFactory  : DynamicPropertyFactory is initialized with configuration sources: com.netflix.config.ConcurrentCompositeConfiguration@26221bad
2020-03-01 23:37:23.945  WARN 13057 --- [main] c.n.c.sources.URLConfigurationSource     : No URLs will be polled as dynamic configuration sources.
2020-03-01 23:37:23.945  INFO 13057 --- [main] c.n.c.sources.URLConfigurationSource     : To enable URLs as dynamic configuration sources, define System property archaius.configurationSource.additionalUrls or make config.properties available on classpath.
2020-03-01 23:37:24.662  INFO 13057 --- [main] com.netflix.discovery.DiscoveryClient    : Initializing Eureka in region us-east-1
2020-03-01 23:37:24.697  INFO 13057 --- [main] c.n.d.provider.DiscoveryJerseyProvider   : Using JSON encoding codec LegacyJacksonJson
2020-03-01 23:37:24.697  INFO 13057 --- [main] c.n.d.provider.DiscoveryJerseyProvider   : Using JSON decoding codec LegacyJacksonJson
2020-03-01 23:37:24.768  INFO 13057 --- [main] c.n.d.provider.DiscoveryJerseyProvider   : Using XML encoding codec XStreamXml
2020-03-01 23:37:24.768  INFO 13057 --- [main] c.n.d.provider.DiscoveryJerseyProvider   : Using XML decoding codec XStreamXml
2020-03-01 23:37:24.884  INFO 13057 --- [main] c.n.d.s.r.aws.ConfigClusterResolver      : Resolving eureka endpoints via configuration
2020-03-01 23:37:24.897  INFO 13057 --- [main] com.netflix.discovery.DiscoveryClient    : Disable delta property : false
2020-03-01 23:37:24.897  INFO 13057 --- [main] com.netflix.discovery.DiscoveryClient    : Single vip registry refresh property : null
2020-03-01 23:37:24.897  INFO 13057 --- [main] com.netflix.discovery.DiscoveryClient    : Force full registry fetch : false
2020-03-01 23:37:24.897  INFO 13057 --- [main] com.netflix.discovery.DiscoveryClient    : Application is null : false
2020-03-01 23:37:24.898  INFO 13057 --- [main] com.netflix.discovery.DiscoveryClient    : Registered Applications size is zero : true
2020-03-01 23:37:24.898  INFO 13057 --- [main] com.netflix.discovery.DiscoveryClient    : Application version is -1: true
2020-03-01 23:37:24.898  INFO 13057 --- [main] com.netflix.discovery.DiscoveryClient    : Getting all instance registry info from the eureka server
2020-03-01 23:37:25.124  INFO 13057 --- [main] com.netflix.discovery.DiscoveryClient    : The response status is 200
2020-03-01 23:37:25.127  INFO 13057 --- [main] com.netflix.discovery.DiscoveryClient    : Starting heartbeat executor: renew interval is: 30
2020-03-01 23:37:25.130  INFO 13057 --- [main] c.n.discovery.InstanceInfoReplicator     : InstanceInfoReplicator onDemand update allowed rate per min is 4
2020-03-01 23:37:25.134  INFO 13057 --- [main] com.netflix.discovery.DiscoveryClient    : Discovery Client initialized at timestamp 1583102245133 with initial instances count: 0
2020-03-01 23:37:25.136  INFO 13057 --- [main] com.netflix.discovery.DiscoveryClient    : Saw local status change event StatusChangeEvent [timestamp=1583102245136, current=UP, previous=STARTING]
2020-03-01 23:37:25.138  INFO 13057 --- [DiscoveryClient-InstanceInfoReplicator-0] com.netflix.discovery.DiscoveryClient    : DiscoveryClient_MS-GATEWAY/macbookprohj.home:ms-gateway:9003: registering service...
2020-03-01 23:37:25.184  INFO 13057 --- [main] c.e.msgateway.MsGatewayApplication       : Started MsGatewayApplication in 3.645 seconds (JVM running for 3.988)
2020-03-01 23:37:25.236  INFO 13057 --- [DiscoveryClient-InstanceInfoReplicator-0] com.netflix.discovery.DiscoveryClient    : DiscoveryClient_MS-GATEWAY/macbookprohj.home:ms-gateway:9003 - registration status: 204
2020-03-01 23:37:55.131  INFO 13057 --- [DiscoveryClient-CacheRefreshExecutor-0] com.netflix.discovery.DiscoveryClient    : Disable delta property : false
2020-03-01 23:37:55.132  INFO 13057 --- [DiscoveryClient-CacheRefreshExecutor-0] com.netflix.discovery.DiscoveryClient    : Single vip registry refresh property : null
2020-03-01 23:37:55.133  INFO 13057 --- [DiscoveryClient-CacheRefreshExecutor-0] com.netflix.discovery.DiscoveryClient    : Force full registry fetch : false
2020-03-01 23:37:55.134  INFO 13057 --- [DiscoveryClient-CacheRefreshExecutor-0] com.netflix.discovery.DiscoveryClient    : Application is null : false
2020-03-01 23:37:55.135  INFO 13057 --- [DiscoveryClient-CacheRefreshExecutor-0] com.netflix.discovery.DiscoveryClient    : Registered Applications size is zero : true
2020-03-01 23:37:55.136  INFO 13057 --- [DiscoveryClient-CacheRefreshExecutor-0] com.netflix.discovery.DiscoveryClient    : Application version is -1: false
2020-03-01 23:37:55.136  INFO 13057 --- [DiscoveryClient-CacheRefreshExecutor-0] com.netflix.discovery.DiscoveryClient    : Getting all instance registry info from the eureka server
2020-03-01 23:37:55.170  INFO 13057 --- [DiscoveryClient-CacheRefreshExecutor-0] com.netflix.discovery.DiscoveryClient    : The response status is 200
2020-03-01 23:39:46.905  INFO 13057 --- [http-nio-9003-exec-1] o.a.c.c.C.[Tomcat].[localhost].[/]       : Initializing Spring DispatcherServlet 'dispatcherServlet'
2020-03-01 23:39:46.937  INFO 13057 --- [http-nio-9003-exec-1] com.example.msgateway.filters.MyFilter   : **** Requête interceptée ! L'URL est : http://macbookprohj.home:9003/back/users 
2020-03-01 23:39:47.032  INFO 13057 --- [http-nio-9003-exec-1] c.netflix.config.ChainedDynamicProperty  : Flipping property: back.ribbon.ActiveConnectionsLimit to use NEXT property: niws.loadbalancer.availabilityFilteringRule.activeConnectionsLimit = 2147483647
2020-03-01 23:39:47.053  INFO 13057 --- [http-nio-9003-exec-1] c.n.u.concurrent.ShutdownEnabledTimer    : Shutdown hook installed for: NFLoadBalancer-PingTimer-back
2020-03-01 23:39:47.053  INFO 13057 --- [http-nio-9003-exec-1] c.netflix.loadbalancer.BaseLoadBalancer  : Client: back instantiated a LoadBalancer: DynamicServerListLoadBalancer:{NFLoadBalancer:name=back,current list of Servers=[],Load balancer stats=Zone stats: {},Server stats: []}ServerList:null
2020-03-01 23:39:47.060  INFO 13057 --- [http-nio-9003-exec-1] c.n.l.DynamicServerListLoadBalancer      : Using serverListUpdater PollingServerListUpdater
2020-03-01 23:39:47.078  INFO 13057 --- [http-nio-9003-exec-1] c.netflix.config.ChainedDynamicProperty  : Flipping property: back.ribbon.ActiveConnectionsLimit to use NEXT property: niws.loadbalancer.availabilityFilteringRule.activeConnectionsLimit = 2147483647
2020-03-01 23:39:47.080  INFO 13057 --- [http-nio-9003-exec-1] c.n.l.DynamicServerListLoadBalancer      : DynamicServerListLoadBalancer for client back initialized: DynamicServerListLoadBalancer:{NFLoadBalancer:name=back,current list of Servers=[macbookprohj.home:9001],Load balancer stats=Zone stats: {defaultzone=[Zone:defaultzone;	Instance count:1;	Active connections count: 0;	Circuit breaker tripped count: 0;	Active connections per server: 0.0;]
},Server stats: [[Server:macbookprohj.home:9001;	Zone:defaultZone;	Total Requests:0;	Successive connection failure:0;	Total blackout seconds:0;	Last connection made:Thu Jan 01 01:00:00 CET 1970;	First connection made: Thu Jan 01 01:00:00 CET 1970;	Active Connections:0;	total failure count in last (1000) msecs:0;	average resp time:0.0;	90 percentile resp time:0.0;	95 percentile resp time:0.0;	min resp time:0.0;	max resp time:0.0;	stddev resp time:0.0]
]}ServerList:org.springframework.cloud.netflix.ribbon.eureka.DomainExtractingServerList@5ce000a8
2020-03-01 23:39:48.066  INFO 13057 --- [PollingServerListUpdater-0] c.netflix.config.ChainedDynamicProperty  : Flipping property: back.ribbon.ActiveConnectionsLimit to use NEXT property: niws.loadbalancer.availabilityFilteringRule.activeConnectionsLimit = 2147483647
2020-03-01 23:42:24.905  INFO 13057 --- [AsyncResolver-bootstrap-executor-0] c.n.d.s.r.aws.ConfigClusterResolver      : Resolving eureka endpoints via configuration
2020-03-01 23:44:28.183  INFO 13057 --- [http-nio-9003-exec-4] com.example.msgateway.filters.MyFilter   : **** Requête interceptée ! L'URL est : http://macbookprohj.home:9003/back/users 
